[
  {
    "line_number": 5,
    "optype": "label",
    "operation_number": 0,
    "arg": {
      "name": "start",
      "immed": true,
      "value": null
    }
  },
  {
    "line_number": 6,
    "optype": "write_to_bufreg",
    "operation_number": 1,
    "arg": {
      "name": "question"
    }
  },
  {
    "line_number": 6,
    "optype": "write_buf_to_reg",
    "operation_number": 2,
    "arg": {
      "name": "ebx"
    }
  },
  {
    "line_number": 7,
    "optype": "write_to_bufreg",
    "operation_number": 3,
    "arg": {
      "name": "1"
    }
  },
  {
    "line_number": 7,
    "optype": "write_buf_to_reg",
    "operation_number": 4,
    "arg": {
      "name": "ecx"
    }
  },
  {
    "line_number": 9,
    "optype": "label",
    "operation_number": 5,
    "arg": {
      "name": "print_question",
      "immed": true,
      "value": null
    }
  },
  {
    "line_number": 10,
    "optype": "inc",
    "operation_number": 6,
    "arg": {
      "name": "ebx"
    }
  },
  {
    "line_number": 11,
    "optype": "write_to_bufreg",
    "operation_number": 7,
    "arg": {
      "name": "[ebx]"
    }
  },
  {
    "line_number": 11,
    "optype": "write_buf_to_reg",
    "operation_number": 8,
    "arg": {
      "name": "eax"
    }
  },
  {
    "line_number": 12,
    "optype": "jz",
    "operation_number": 9,
    "arg": {
      "name": "get_username"
    }
  },
  {
    "line_number": 13,
    "optype": "out",
    "operation_number": 10,
    "arg": null
  },
  {
    "line_number": 14,
    "optype": "jnz",
    "operation_number": 11,
    "arg": {
      "name": "print_question"
    }
  },
  {
    "line_number": 17,
    "optype": "label",
    "operation_number": 12,
    "arg": {
      "name": "get_username",
      "immed": true,
      "value": null
    }
  },
  {
    "line_number": 18,
    "optype": "input_interrupt",
    "operation_number": 13,
    "arg": null
  },
  {
    "line_number": 19,
    "optype": "write_to_bufreg",
    "operation_number": 14,
    "arg": {
      "name": "eax"
    }
  },
  {
    "line_number": 19,
    "optype": "write_buf_to_reg",
    "operation_number": 15,
    "arg": {
      "name": "ebx"
    }
  },
  {
    "line_number": 20,
    "optype": "alu1",
    "operation_number": 16,
    "arg": {
      "name": "eax"
    }
  },
  {
    "line_number": 20,
    "optype": "alu2",
    "operation_number": 17,
    "arg": {
      "name": "1000"
    }
  },
  {
    "line_number": 20,
    "optype": "sub",
    "operation_number": 18,
    "arg": null
  },
  {
    "line_number": 20,
    "optype": "write_from_alu",
    "operation_number": 19,
    "arg": {
      "name": "eax"
    }
  },
  {
    "line_number": 21,
    "optype": "jz",
    "operation_number": 20,
    "arg": {
      "name": "end_get_username"
    }
  },
  {
    "line_number": 22,
    "optype": "write_to_bufreg",
    "operation_number": 21,
    "arg": {
      "name": "ebx"
    }
  },
  {
    "line_number": 22,
    "optype": "write_buf_to_reg",
    "operation_number": 22,
    "arg": {
      "name": "[username+ecx]"
    }
  },
  {
    "line_number": 23,
    "optype": "inc",
    "operation_number": 23,
    "arg": {
      "name": "ecx"
    }
  },
  {
    "line_number": 24,
    "optype": "jnz",
    "operation_number": 24,
    "arg": {
      "name": "get_username"
    }
  },
  {
    "line_number": 26,
    "optype": "label",
    "operation_number": 25,
    "arg": {
      "name": "end_get_username",
      "immed": true,
      "value": null
    }
  },
  {
    "line_number": 27,
    "optype": "write_to_bufreg",
    "operation_number": 26,
    "arg": {
      "name": "1"
    }
  },
  {
    "line_number": 27,
    "optype": "write_buf_to_reg",
    "operation_number": 27,
    "arg": {
      "name": "ecx"
    }
  },
  {
    "line_number": 28,
    "optype": "write_to_bufreg",
    "operation_number": 28,
    "arg": {
      "name": "greet"
    }
  },
  {
    "line_number": 28,
    "optype": "write_buf_to_reg",
    "operation_number": 29,
    "arg": {
      "name": "ebx"
    }
  },
  {
    "line_number": 30,
    "optype": "label",
    "operation_number": 30,
    "arg": {
      "name": "print_greeting",
      "immed": true,
      "value": null
    }
  },
  {
    "line_number": 31,
    "optype": "inc",
    "operation_number": 31,
    "arg": {
      "name": "ebx"
    }
  },
  {
    "line_number": 32,
    "optype": "write_to_bufreg",
    "operation_number": 32,
    "arg": {
      "name": "[ebx]"
    }
  },
  {
    "line_number": 32,
    "optype": "write_buf_to_reg",
    "operation_number": 33,
    "arg": {
      "name": "eax"
    }
  },
  {
    "line_number": 33,
    "optype": "jz",
    "operation_number": 34,
    "arg": {
      "name": "end_print_greeting"
    }
  },
  {
    "line_number": 34,
    "optype": "out",
    "operation_number": 35,
    "arg": null
  },
  {
    "line_number": 35,
    "optype": "jnz",
    "operation_number": 36,
    "arg": {
      "name": "print_greeting"
    }
  },
  {
    "line_number": 37,
    "optype": "label",
    "operation_number": 37,
    "arg": {
      "name": "end_print_greeting",
      "immed": true,
      "value": null
    }
  },
  {
    "line_number": 38,
    "optype": "write_to_bufreg",
    "operation_number": 38,
    "arg": {
      "name": "1"
    }
  },
  {
    "line_number": 38,
    "optype": "write_buf_to_reg",
    "operation_number": 39,
    "arg": {
      "name": "ecx"
    }
  },
  {
    "line_number": 40,
    "optype": "label",
    "operation_number": 40,
    "arg": {
      "name": "print_username",
      "immed": true,
      "value": null
    }
  },
  {
    "line_number": 41,
    "optype": "write_to_bufreg",
    "operation_number": 41,
    "arg": {
      "name": "[username+ecx]"
    }
  },
  {
    "line_number": 41,
    "optype": "write_buf_to_reg",
    "operation_number": 42,
    "arg": {
      "name": "eax"
    }
  },
  {
    "line_number": 42,
    "optype": "write_to_bufreg",
    "operation_number": 43,
    "arg": {
      "name": "eax"
    }
  },
  {
    "line_number": 42,
    "optype": "write_buf_to_reg",
    "operation_number": 44,
    "arg": {
      "name": "ebx"
    }
  },
  {
    "line_number": 43,
    "optype": "alu1",
    "operation_number": 45,
    "arg": {
      "name": "0"
    }
  },
  {
    "line_number": 43,
    "optype": "alu2",
    "operation_number": 46,
    "arg": {
      "name": "[username+ecx]"
    }
  },
  {
    "line_number": 43,
    "optype": "sub",
    "operation_number": 47,
    "arg": null
  },
  {
    "line_number": 43,
    "optype": "write_from_alu",
    "operation_number": 48,
    "arg": {
      "name": "eax"
    }
  },
  {
    "line_number": 44,
    "optype": "jz",
    "operation_number": 49,
    "arg": {
      "name": "end"
    }
  },
  {
    "line_number": 45,
    "optype": "write_to_bufreg",
    "operation_number": 50,
    "arg": {
      "name": "ebx"
    }
  },
  {
    "line_number": 45,
    "optype": "write_buf_to_reg",
    "operation_number": 51,
    "arg": {
      "name": "eax"
    }
  },
  {
    "line_number": 46,
    "optype": "out",
    "operation_number": 52,
    "arg": null
  },
  {
    "line_number": 47,
    "optype": "inc",
    "operation_number": 53,
    "arg": {
      "name": "ecx"
    }
  },
  {
    "line_number": 48,
    "optype": "jnz",
    "operation_number": 54,
    "arg": {
      "name": "print_username"
    }
  },
  {
    "line_number": 50,
    "optype": "label",
    "operation_number": 55,
    "arg": {
      "name": "end",
      "immed": true,
      "value": null
    }
  }
]
[LOG] eax=0; ebx=0; ecx=0; edx=0; eip=1; esp=100000;	INSTRUCTION: label
[LOG] eax=0; ebx=0; ecx=0; edx=0; eip=2; esp=100000;	INSTRUCTION: write_to_bufreg
[LOG] eax=0; ebx=0; ecx=0; edx=0; eip=3; esp=100000;	INSTRUCTION: write_buf_to_reg
[LOG] eax=0; ebx=0; ecx=0; edx=1; eip=4; esp=100000;	INSTRUCTION: write_to_bufreg
[LOG] eax=0; ebx=0; ecx=1; edx=1; eip=5; esp=100000;	INSTRUCTION: write_buf_to_reg
[LOG] eax=0; ebx=0; ecx=1; edx=1; eip=6; esp=100000;	INSTRUCTION: label
[LOG] eax=0; ebx=1; ecx=1; edx=1; eip=7; esp=100000;	INSTRUCTION: inc
[LOG] eax=0; ebx=1; ecx=1; edx=W; eip=8; esp=100000;	INSTRUCTION: write_to_bufreg
[LOG] eax=W; ebx=1; ecx=1; edx=W; eip=9; esp=100000;	INSTRUCTION: write_buf_to_reg
[LOG] eax=W; ebx=1; ecx=1; edx=W; eip=10; esp=100000;	INSTRUCTION: jz
[LOG] eax=W; ebx=1; ecx=1; edx=W; eip=11; esp=100000;	INSTRUCTION: out
[LOG] eax=W; ebx=1; ecx=1; edx=W; eip=5; esp=100000;	INSTRUCTION: jnz
[LOG] eax=W; ebx=1; ecx=1; edx=W; eip=6; esp=100000;	INSTRUCTION: label
[LOG] eax=W; ebx=2; ecx=1; edx=W; eip=7; esp=100000;	INSTRUCTION: inc
[LOG] eax=W; ebx=2; ecx=1; edx=h; eip=8; esp=100000;	INSTRUCTION: write_to_bufreg
[LOG] eax=h; ebx=2; ecx=1; edx=h; eip=9; esp=100000;	INSTRUCTION: write_buf_to_reg
[LOG] eax=h; ebx=2; ecx=1; edx=h; eip=10; esp=100000;	INSTRUCTION: jz
[LOG] eax=h; ebx=2; ecx=1; edx=h; eip=11; esp=100000;	INSTRUCTION: out
[LOG] eax=h; ebx=2; ecx=1; edx=h; eip=5; esp=100000;	INSTRUCTION: jnz
[LOG] eax=h; ebx=2; ecx=1; edx=h; eip=6; esp=100000;	INSTRUCTION: label
[LOG] eax=h; ebx=3; ecx=1; edx=h; eip=7; esp=100000;	INSTRUCTION: inc
[LOG] eax=h; ebx=3; ecx=1; edx=a; eip=8; esp=100000;	INSTRUCTION: write_to_bufreg
[LOG] eax=a; ebx=3; ecx=1; edx=a; eip=9; esp=100000;	INSTRUCTION: write_buf_to_reg
[LOG] eax=a; ebx=3; ecx=1; edx=a; eip=10; esp=100000;	INSTRUCTION: jz
[LOG] eax=a; ebx=3; ecx=1; edx=a; eip=11; esp=100000;	INSTRUCTION: out
[LOG] eax=a; ebx=3; ecx=1; edx=a; eip=5; esp=100000;	INSTRUCTION: jnz
[LOG] eax=a; ebx=3; ecx=1; edx=a; eip=6; esp=100000;	INSTRUCTION: label
[LOG] eax=a; ebx=4; ecx=1; edx=a; eip=7; esp=100000;	INSTRUCTION: inc
[LOG] eax=a; ebx=4; ecx=1; edx=t; eip=8; esp=100000;	INSTRUCTION: write_to_bufreg
[LOG] eax=t; ebx=4; ecx=1; edx=t; eip=9; esp=100000;	INSTRUCTION: write_buf_to_reg
[LOG] eax=t; ebx=4; ecx=1; edx=t; eip=10; esp=100000;	INSTRUCTION: jz
[LOG] eax=t; ebx=4; ecx=1; edx=t; eip=11; esp=100000;	INSTRUCTION: out
[LOG] eax=t; ebx=4; ecx=1; edx=t; eip=5; esp=100000;	INSTRUCTION: jnz
[LOG] eax=t; ebx=4; ecx=1; edx=t; eip=6; esp=100000;	INSTRUCTION: label
[LOG] eax=t; ebx=5; ecx=1; edx=t; eip=7; esp=100000;	INSTRUCTION: inc
[LOG] eax=t; ebx=5; ecx=1; edx= ; eip=8; esp=100000;	INSTRUCTION: write_to_bufreg
[LOG] eax= ; ebx=5; ecx=1; edx= ; eip=9; esp=100000;	INSTRUCTION: write_buf_to_reg
[LOG] eax= ; ebx=5; ecx=1; edx= ; eip=10; esp=100000;	INSTRUCTION: jz
[LOG] eax= ; ebx=5; ecx=1; edx= ; eip=11; esp=100000;	INSTRUCTION: out
[LOG] eax= ; ebx=5; ecx=1; edx= ; eip=5; esp=100000;	INSTRUCTION: jnz
[LOG] eax= ; ebx=5; ecx=1; edx= ; eip=6; esp=100000;	INSTRUCTION: label
[LOG] eax= ; ebx=6; ecx=1; edx= ; eip=7; esp=100000;	INSTRUCTION: inc
[LOG] eax= ; ebx=6; ecx=1; edx=i; eip=8; esp=100000;	INSTRUCTION: write_to_bufreg
[LOG] eax=i; ebx=6; ecx=1; edx=i; eip=9; esp=100000;	INSTRUCTION: write_buf_to_reg
[LOG] eax=i; ebx=6; ecx=1; edx=i; eip=10; esp=100000;	INSTRUCTION: jz
[LOG] eax=i; ebx=6; ecx=1; edx=i; eip=11; esp=100000;	INSTRUCTION: out
[LOG] eax=i; ebx=6; ecx=1; edx=i; eip=5; esp=100000;	INSTRUCTION: jnz
[LOG] eax=i; ebx=6; ecx=1; edx=i; eip=6; esp=100000;	INSTRUCTION: label
[LOG] eax=i; ebx=7; ecx=1; edx=i; eip=7; esp=100000;	INSTRUCTION: inc
[LOG] eax=i; ebx=7; ecx=1; edx=s; eip=8; esp=100000;	INSTRUCTION: write_to_bufreg
[LOG] eax=s; ebx=7; ecx=1; edx=s; eip=9; esp=100000;	INSTRUCTION: write_buf_to_reg
[LOG] eax=s; ebx=7; ecx=1; edx=s; eip=10; esp=100000;	INSTRUCTION: jz
[LOG] eax=s; ebx=7; ecx=1; edx=s; eip=11; esp=100000;	INSTRUCTION: out
[LOG] eax=s; ebx=7; ecx=1; edx=s; eip=5; esp=100000;	INSTRUCTION: jnz
[LOG] eax=s; ebx=7; ecx=1; edx=s; eip=6; esp=100000;	INSTRUCTION: label
[LOG] eax=s; ebx=8; ecx=1; edx=s; eip=7; esp=100000;	INSTRUCTION: inc
[LOG] eax=s; ebx=8; ecx=1; edx= ; eip=8; esp=100000;	INSTRUCTION: write_to_bufreg
[LOG] eax= ; ebx=8; ecx=1; edx= ; eip=9; esp=100000;	INSTRUCTION: write_buf_to_reg
[LOG] eax= ; ebx=8; ecx=1; edx= ; eip=10; esp=100000;	INSTRUCTION: jz
[LOG] eax= ; ebx=8; ecx=1; edx= ; eip=11; esp=100000;	INSTRUCTION: out
[LOG] eax= ; ebx=8; ecx=1; edx= ; eip=5; esp=100000;	INSTRUCTION: jnz
[LOG] eax= ; ebx=8; ecx=1; edx= ; eip=6; esp=100000;	INSTRUCTION: label
[LOG] eax= ; ebx=9; ecx=1; edx= ; eip=7; esp=100000;	INSTRUCTION: inc
[LOG] eax= ; ebx=9; ecx=1; edx=y; eip=8; esp=100000;	INSTRUCTION: write_to_bufreg
[LOG] eax=y; ebx=9; ecx=1; edx=y; eip=9; esp=100000;	INSTRUCTION: write_buf_to_reg
[LOG] eax=y; ebx=9; ecx=1; edx=y; eip=10; esp=100000;	INSTRUCTION: jz
[LOG] eax=y; ebx=9; ecx=1; edx=y; eip=11; esp=100000;	INSTRUCTION: out
[LOG] eax=y; ebx=9; ecx=1; edx=y; eip=5; esp=100000;	INSTRUCTION: jnz
[LOG] eax=y; ebx=9; ecx=1; edx=y; eip=6; esp=100000;	INSTRUCTION: label
[LOG] eax=y; ebx=10; ecx=1; edx=y; eip=7; esp=100000;	INSTRUCTION: inc
[LOG] eax=y; ebx=10; ecx=1; edx=o; eip=8; esp=100000;	INSTRUCTION: write_to_bufreg
[LOG] eax=o; ebx=10; ecx=1; edx=o; eip=9; esp=100000;	INSTRUCTION: write_buf_to_reg
[LOG] eax=o; ebx=10; ecx=1; edx=o; eip=10; esp=100000;	INSTRUCTION: jz
[LOG] eax=o; ebx=10; ecx=1; edx=o; eip=11; esp=100000;	INSTRUCTION: out
[LOG] eax=o; ebx=10; ecx=1; edx=o; eip=5; esp=100000;	INSTRUCTION: jnz
[LOG] eax=o; ebx=10; ecx=1; edx=o; eip=6; esp=100000;	INSTRUCTION: label
[LOG] eax=o; ebx=11; ecx=1; edx=o; eip=7; esp=100000;	INSTRUCTION: inc
[LOG] eax=o; ebx=11; ecx=1; edx=u; eip=8; esp=100000;	INSTRUCTION: write_to_bufreg
[LOG] eax=u; ebx=11; ecx=1; edx=u; eip=9; esp=100000;	INSTRUCTION: write_buf_to_reg
[LOG] eax=u; ebx=11; ecx=1; edx=u; eip=10; esp=100000;	INSTRUCTION: jz
[LOG] eax=u; ebx=11; ecx=1; edx=u; eip=11; esp=100000;	INSTRUCTION: out
[LOG] eax=u; ebx=11; ecx=1; edx=u; eip=5; esp=100000;	INSTRUCTION: jnz
[LOG] eax=u; ebx=11; ecx=1; edx=u; eip=6; esp=100000;	INSTRUCTION: label
[LOG] eax=u; ebx=12; ecx=1; edx=u; eip=7; esp=100000;	INSTRUCTION: inc
[LOG] eax=u; ebx=12; ecx=1; edx=r; eip=8; esp=100000;	INSTRUCTION: write_to_bufreg
[LOG] eax=r; ebx=12; ecx=1; edx=r; eip=9; esp=100000;	INSTRUCTION: write_buf_to_reg
[LOG] eax=r; ebx=12; ecx=1; edx=r; eip=10; esp=100000;	INSTRUCTION: jz
[LOG] eax=r; ebx=12; ecx=1; edx=r; eip=11; esp=100000;	INSTRUCTION: out
[LOG] eax=r; ebx=12; ecx=1; edx=r; eip=5; esp=100000;	INSTRUCTION: jnz
[LOG] eax=r; ebx=12; ecx=1; edx=r; eip=6; esp=100000;	INSTRUCTION: label
[LOG] eax=r; ebx=13; ecx=1; edx=r; eip=7; esp=100000;	INSTRUCTION: inc
[LOG] eax=r; ebx=13; ecx=1; edx= ; eip=8; esp=100000;	INSTRUCTION: write_to_bufreg
[LOG] eax= ; ebx=13; ecx=1; edx= ; eip=9; esp=100000;	INSTRUCTION: write_buf_to_reg
[LOG] eax= ; ebx=13; ecx=1; edx= ; eip=10; esp=100000;	INSTRUCTION: jz
[LOG] eax= ; ebx=13; ecx=1; edx= ; eip=11; esp=100000;	INSTRUCTION: out
[LOG] eax= ; ebx=13; ecx=1; edx= ; eip=5; esp=100000;	INSTRUCTION: jnz
[LOG] eax= ; ebx=13; ecx=1; edx= ; eip=6; esp=100000;	INSTRUCTION: label
[LOG] eax= ; ebx=14; ecx=1; edx= ; eip=7; esp=100000;	INSTRUCTION: inc
[LOG] eax= ; ebx=14; ecx=1; edx=n; eip=8; esp=100000;	INSTRUCTION: write_to_bufreg
[LOG] eax=n; ebx=14; ecx=1; edx=n; eip=9; esp=100000;	INSTRUCTION: write_buf_to_reg
[LOG] eax=n; ebx=14; ecx=1; edx=n; eip=10; esp=100000;	INSTRUCTION: jz
[LOG] eax=n; ebx=14; ecx=1; edx=n; eip=11; esp=100000;	INSTRUCTION: out
[LOG] eax=n; ebx=14; ecx=1; edx=n; eip=5; esp=100000;	INSTRUCTION: jnz
[LOG] eax=n; ebx=14; ecx=1; edx=n; eip=6; esp=100000;	INSTRUCTION: label
[LOG] eax=n; ebx=15; ecx=1; edx=n; eip=7; esp=100000;	INSTRUCTION: inc
[LOG] eax=n; ebx=15; ecx=1; edx=a; eip=8; esp=100000;	INSTRUCTION: write_to_bufreg
[LOG] eax=a; ebx=15; ecx=1; edx=a; eip=9; esp=100000;	INSTRUCTION: write_buf_to_reg
[LOG] eax=a; ebx=15; ecx=1; edx=a; eip=10; esp=100000;	INSTRUCTION: jz
[LOG] eax=a; ebx=15; ecx=1; edx=a; eip=11; esp=100000;	INSTRUCTION: out
[LOG] eax=a; ebx=15; ecx=1; edx=a; eip=5; esp=100000;	INSTRUCTION: jnz
[LOG] eax=a; ebx=15; ecx=1; edx=a; eip=6; esp=100000;	INSTRUCTION: label
[LOG] eax=a; ebx=16; ecx=1; edx=a; eip=7; esp=100000;	INSTRUCTION: inc
[LOG] eax=a; ebx=16; ecx=1; edx=m; eip=8; esp=100000;	INSTRUCTION: write_to_bufreg
[LOG] eax=m; ebx=16; ecx=1; edx=m; eip=9; esp=100000;	INSTRUCTION: write_buf_to_reg
[LOG] eax=m; ebx=16; ecx=1; edx=m; eip=10; esp=100000;	INSTRUCTION: jz
[LOG] eax=m; ebx=16; ecx=1; edx=m; eip=11; esp=100000;	INSTRUCTION: out
[LOG] eax=m; ebx=16; ecx=1; edx=m; eip=5; esp=100000;	INSTRUCTION: jnz
[LOG] eax=m; ebx=16; ecx=1; edx=m; eip=6; esp=100000;	INSTRUCTION: label
[LOG] eax=m; ebx=17; ecx=1; edx=m; eip=7; esp=100000;	INSTRUCTION: inc
[LOG] eax=m; ebx=17; ecx=1; edx=e; eip=8; esp=100000;	INSTRUCTION: write_to_bufreg
[LOG] eax=e; ebx=17; ecx=1; edx=e; eip=9; esp=100000;	INSTRUCTION: write_buf_to_reg
[LOG] eax=e; ebx=17; ecx=1; edx=e; eip=10; esp=100000;	INSTRUCTION: jz
[LOG] eax=e; ebx=17; ecx=1; edx=e; eip=11; esp=100000;	INSTRUCTION: out
[LOG] eax=e; ebx=17; ecx=1; edx=e; eip=5; esp=100000;	INSTRUCTION: jnz
[LOG] eax=e; ebx=17; ecx=1; edx=e; eip=6; esp=100000;	INSTRUCTION: label
[LOG] eax=e; ebx=18; ecx=1; edx=e; eip=7; esp=100000;	INSTRUCTION: inc
[LOG] eax=e; ebx=18; ecx=1; edx=?; eip=8; esp=100000;	INSTRUCTION: write_to_bufreg
[LOG] eax=?; ebx=18; ecx=1; edx=?; eip=9; esp=100000;	INSTRUCTION: write_buf_to_reg
[LOG] eax=?; ebx=18; ecx=1; edx=?; eip=10; esp=100000;	INSTRUCTION: jz
[LOG] eax=?; ebx=18; ecx=1; edx=?; eip=11; esp=100000;	INSTRUCTION: out
[LOG] eax=?; ebx=18; ecx=1; edx=?; eip=5; esp=100000;	INSTRUCTION: jnz
[LOG] eax=?; ebx=18; ecx=1; edx=?; eip=6; esp=100000;	INSTRUCTION: label
[LOG] eax=?; ebx=19; ecx=1; edx=?; eip=7; esp=100000;	INSTRUCTION: inc
[LOG] eax=?; ebx=19; ecx=1; edx=0; eip=8; esp=100000;	INSTRUCTION: write_to_bufreg
[LOG] eax=0; ebx=19; ecx=1; edx=0; eip=9; esp=100000;	INSTRUCTION: write_buf_to_reg
[LOG] eax=0; ebx=19; ecx=1; edx=0; eip=12; esp=100000;	INSTRUCTION: jz
[LOG] eax=0; ebx=19; ecx=1; edx=0; eip=13; esp=100000;	INSTRUCTION: label
[LOG] eax=0; ebx=19; ecx=1; edx=0; eip=14; esp=100000;	INSTRUCTION: input_interrupt
[LOG] eax=e; ebx=19; ecx=1; edx=e; eip=15; esp=100000;	INSTRUCTION: write_to_bufreg
[LOG] eax=e; ebx=e; ecx=1; edx=e; eip=16; esp=100000;	INSTRUCTION: write_buf_to_reg
[LOG] eax=e; ebx=e; ecx=1; edx=e; eip=17; esp=100000;	INSTRUCTION: alu1
[LOG] eax=e; ebx=e; ecx=1; edx=e; eip=18; esp=100000;	INSTRUCTION: alu2
[LOG] eax=e; ebx=e; ecx=1; edx=e; eip=19; esp=100000;	INSTRUCTION: sub
[LOG] eax=-899; ebx=e; ecx=1; edx=e; eip=20; esp=100000;	INSTRUCTION: write_from_alu
[LOG] eax=-899; ebx=e; ecx=1; edx=e; eip=21; esp=100000;	INSTRUCTION: jz
[LOG] eax=-899; ebx=e; ecx=1; edx=e; eip=22; esp=100000;	INSTRUCTION: write_to_bufreg
[LOG] eax=-899; ebx=e; ecx=1; edx=e; eip=23; esp=100000;	INSTRUCTION: write_buf_to_reg
[LOG] eax=-899; ebx=e; ecx=2; edx=e; eip=24; esp=100000;	INSTRUCTION: inc
[LOG] eax=-899; ebx=e; ecx=2; edx=e; eip=12; esp=100000;	INSTRUCTION: jnz
[LOG] eax=-899; ebx=e; ecx=2; edx=e; eip=13; esp=100000;	INSTRUCTION: label
[LOG] eax=-899; ebx=e; ecx=2; edx=e; eip=14; esp=100000;	INSTRUCTION: input_interrupt
[LOG] eax=r; ebx=e; ecx=2; edx=r; eip=15; esp=100000;	INSTRUCTION: write_to_bufreg
[LOG] eax=r; ebx=r; ecx=2; edx=r; eip=16; esp=100000;	INSTRUCTION: write_buf_to_reg
[LOG] eax=r; ebx=r; ecx=2; edx=r; eip=17; esp=100000;	INSTRUCTION: alu1
[LOG] eax=r; ebx=r; ecx=2; edx=r; eip=18; esp=100000;	INSTRUCTION: alu2
[LOG] eax=r; ebx=r; ecx=2; edx=r; eip=19; esp=100000;	INSTRUCTION: sub
[LOG] eax=-886; ebx=r; ecx=2; edx=r; eip=20; esp=100000;	INSTRUCTION: write_from_alu
[LOG] eax=-886; ebx=r; ecx=2; edx=r; eip=21; esp=100000;	INSTRUCTION: jz
[LOG] eax=-886; ebx=r; ecx=2; edx=r; eip=22; esp=100000;	INSTRUCTION: write_to_bufreg
[LOG] eax=-886; ebx=r; ecx=2; edx=r; eip=23; esp=100000;	INSTRUCTION: write_buf_to_reg
[LOG] eax=-886; ebx=r; ecx=3; edx=r; eip=24; esp=100000;	INSTRUCTION: inc
[LOG] eax=-886; ebx=r; ecx=3; edx=r; eip=12; esp=100000;	INSTRUCTION: jnz
[LOG] eax=-886; ebx=r; ecx=3; edx=r; eip=13; esp=100000;	INSTRUCTION: label
[LOG] eax=-886; ebx=r; ecx=3; edx=r; eip=14; esp=100000;	INSTRUCTION: input_interrupt
[LOG] eax=i; ebx=r; ecx=3; edx=i; eip=15; esp=100000;	INSTRUCTION: write_to_bufreg
[LOG] eax=i; ebx=i; ecx=3; edx=i; eip=16; esp=100000;	INSTRUCTION: write_buf_to_reg
[LOG] eax=i; ebx=i; ecx=3; edx=i; eip=17; esp=100000;	INSTRUCTION: alu1
[LOG] eax=i; ebx=i; ecx=3; edx=i; eip=18; esp=100000;	INSTRUCTION: alu2
[LOG] eax=i; ebx=i; ecx=3; edx=i; eip=19; esp=100000;	INSTRUCTION: sub
[LOG] eax=-895; ebx=i; ecx=3; edx=i; eip=20; esp=100000;	INSTRUCTION: write_from_alu
[LOG] eax=-895; ebx=i; ecx=3; edx=i; eip=21; esp=100000;	INSTRUCTION: jz
[LOG] eax=-895; ebx=i; ecx=3; edx=i; eip=22; esp=100000;	INSTRUCTION: write_to_bufreg
[LOG] eax=-895; ebx=i; ecx=3; edx=i; eip=23; esp=100000;	INSTRUCTION: write_buf_to_reg
[LOG] eax=-895; ebx=i; ecx=4; edx=i; eip=24; esp=100000;	INSTRUCTION: inc
[LOG] eax=-895; ebx=i; ecx=4; edx=i; eip=12; esp=100000;	INSTRUCTION: jnz
[LOG] eax=-895; ebx=i; ecx=4; edx=i; eip=13; esp=100000;	INSTRUCTION: label
[LOG] eax=-895; ebx=i; ecx=4; edx=i; eip=14; esp=100000;	INSTRUCTION: input_interrupt
[LOG] eax=c; ebx=i; ecx=4; edx=c; eip=15; esp=100000;	INSTRUCTION: write_to_bufreg
[LOG] eax=c; ebx=c; ecx=4; edx=c; eip=16; esp=100000;	INSTRUCTION: write_buf_to_reg
[LOG] eax=c; ebx=c; ecx=4; edx=c; eip=17; esp=100000;	INSTRUCTION: alu1
[LOG] eax=c; ebx=c; ecx=4; edx=c; eip=18; esp=100000;	INSTRUCTION: alu2
[LOG] eax=c; ebx=c; ecx=4; edx=c; eip=19; esp=100000;	INSTRUCTION: sub
[LOG] eax=-901; ebx=c; ecx=4; edx=c; eip=20; esp=100000;	INSTRUCTION: write_from_alu
[LOG] eax=-901; ebx=c; ecx=4; edx=c; eip=21; esp=100000;	INSTRUCTION: jz
[LOG] eax=-901; ebx=c; ecx=4; edx=c; eip=22; esp=100000;	INSTRUCTION: write_to_bufreg
[LOG] eax=-901; ebx=c; ecx=4; edx=c; eip=23; esp=100000;	INSTRUCTION: write_buf_to_reg
[LOG] eax=-901; ebx=c; ecx=5; edx=c; eip=24; esp=100000;	INSTRUCTION: inc
[LOG] eax=-901; ebx=c; ecx=5; edx=c; eip=12; esp=100000;	INSTRUCTION: jnz
[LOG] eax=-901; ebx=c; ecx=5; edx=c; eip=13; esp=100000;	INSTRUCTION: label
[LOG] eax=-901; ebx=c; ecx=5; edx=c; eip=14; esp=100000;	INSTRUCTION: input_interrupt
[LOG] eax=1000; ebx=c; ecx=5; edx=1000; eip=15; esp=100000;	INSTRUCTION: write_to_bufreg
[LOG] eax=1000; ebx=1000; ecx=5; edx=1000; eip=16; esp=100000;	INSTRUCTION: write_buf_to_reg
[LOG] eax=1000; ebx=1000; ecx=5; edx=1000; eip=17; esp=100000;	INSTRUCTION: alu1
[LOG] eax=1000; ebx=1000; ecx=5; edx=1000; eip=18; esp=100000;	INSTRUCTION: alu2
[LOG] eax=1000; ebx=1000; ecx=5; edx=1000; eip=19; esp=100000;	INSTRUCTION: sub
[LOG] eax=0; ebx=1000; ecx=5; edx=1000; eip=20; esp=100000;	INSTRUCTION: write_from_alu
[LOG] eax=0; ebx=1000; ecx=5; edx=1000; eip=25; esp=100000;	INSTRUCTION: jz
[LOG] eax=0; ebx=1000; ecx=5; edx=1000; eip=26; esp=100000;	INSTRUCTION: label
[LOG] eax=0; ebx=1000; ecx=5; edx=1; eip=27; esp=100000;	INSTRUCTION: write_to_bufreg
[LOG] eax=0; ebx=1000; ecx=1; edx=1; eip=28; esp=100000;	INSTRUCTION: write_buf_to_reg
[LOG] eax=0; ebx=1000; ecx=1; edx=20; eip=29; esp=100000;	INSTRUCTION: write_to_bufreg
[LOG] eax=0; ebx=20; ecx=1; edx=20; eip=30; esp=100000;	INSTRUCTION: write_buf_to_reg
[LOG] eax=0; ebx=20; ecx=1; edx=20; eip=31; esp=100000;	INSTRUCTION: label
[LOG] eax=0; ebx=21; ecx=1; edx=20; eip=32; esp=100000;	INSTRUCTION: inc
[LOG] eax=0; ebx=21; ecx=1; edx= ; eip=33; esp=100000;	INSTRUCTION: write_to_bufreg
[LOG] eax= ; ebx=21; ecx=1; edx= ; eip=34; esp=100000;	INSTRUCTION: write_buf_to_reg
[LOG] eax= ; ebx=21; ecx=1; edx= ; eip=35; esp=100000;	INSTRUCTION: jz
[LOG] eax= ; ebx=21; ecx=1; edx= ; eip=36; esp=100000;	INSTRUCTION: out
[LOG] eax= ; ebx=21; ecx=1; edx= ; eip=30; esp=100000;	INSTRUCTION: jnz
[LOG] eax= ; ebx=21; ecx=1; edx= ; eip=31; esp=100000;	INSTRUCTION: label
[LOG] eax= ; ebx=22; ecx=1; edx= ; eip=32; esp=100000;	INSTRUCTION: inc
[LOG] eax= ; ebx=22; ecx=1; edx=H; eip=33; esp=100000;	INSTRUCTION: write_to_bufreg
[LOG] eax=H; ebx=22; ecx=1; edx=H; eip=34; esp=100000;	INSTRUCTION: write_buf_to_reg
[LOG] eax=H; ebx=22; ecx=1; edx=H; eip=35; esp=100000;	INSTRUCTION: jz
[LOG] eax=H; ebx=22; ecx=1; edx=H; eip=36; esp=100000;	INSTRUCTION: out
[LOG] eax=H; ebx=22; ecx=1; edx=H; eip=30; esp=100000;	INSTRUCTION: jnz
[LOG] eax=H; ebx=22; ecx=1; edx=H; eip=31; esp=100000;	INSTRUCTION: label
[LOG] eax=H; ebx=23; ecx=1; edx=H; eip=32; esp=100000;	INSTRUCTION: inc
[LOG] eax=H; ebx=23; ecx=1; edx=e; eip=33; esp=100000;	INSTRUCTION: write_to_bufreg
[LOG] eax=e; ebx=23; ecx=1; edx=e; eip=34; esp=100000;	INSTRUCTION: write_buf_to_reg
[LOG] eax=e; ebx=23; ecx=1; edx=e; eip=35; esp=100000;	INSTRUCTION: jz
[LOG] eax=e; ebx=23; ecx=1; edx=e; eip=36; esp=100000;	INSTRUCTION: out
[LOG] eax=e; ebx=23; ecx=1; edx=e; eip=30; esp=100000;	INSTRUCTION: jnz
[LOG] eax=e; ebx=23; ecx=1; edx=e; eip=31; esp=100000;	INSTRUCTION: label
[LOG] eax=e; ebx=24; ecx=1; edx=e; eip=32; esp=100000;	INSTRUCTION: inc
[LOG] eax=e; ebx=24; ecx=1; edx=l; eip=33; esp=100000;	INSTRUCTION: write_to_bufreg
[LOG] eax=l; ebx=24; ecx=1; edx=l; eip=34; esp=100000;	INSTRUCTION: write_buf_to_reg
[LOG] eax=l; ebx=24; ecx=1; edx=l; eip=35; esp=100000;	INSTRUCTION: jz
[LOG] eax=l; ebx=24; ecx=1; edx=l; eip=36; esp=100000;	INSTRUCTION: out
[LOG] eax=l; ebx=24; ecx=1; edx=l; eip=30; esp=100000;	INSTRUCTION: jnz
[LOG] eax=l; ebx=24; ecx=1; edx=l; eip=31; esp=100000;	INSTRUCTION: label
[LOG] eax=l; ebx=25; ecx=1; edx=l; eip=32; esp=100000;	INSTRUCTION: inc
[LOG] eax=l; ebx=25; ecx=1; edx=l; eip=33; esp=100000;	INSTRUCTION: write_to_bufreg
[LOG] eax=l; ebx=25; ecx=1; edx=l; eip=34; esp=100000;	INSTRUCTION: write_buf_to_reg
[LOG] eax=l; ebx=25; ecx=1; edx=l; eip=35; esp=100000;	INSTRUCTION: jz
[LOG] eax=l; ebx=25; ecx=1; edx=l; eip=36; esp=100000;	INSTRUCTION: out
[LOG] eax=l; ebx=25; ecx=1; edx=l; eip=30; esp=100000;	INSTRUCTION: jnz
[LOG] eax=l; ebx=25; ecx=1; edx=l; eip=31; esp=100000;	INSTRUCTION: label
[LOG] eax=l; ebx=26; ecx=1; edx=l; eip=32; esp=100000;	INSTRUCTION: inc
[LOG] eax=l; ebx=26; ecx=1; edx=o; eip=33; esp=100000;	INSTRUCTION: write_to_bufreg
[LOG] eax=o; ebx=26; ecx=1; edx=o; eip=34; esp=100000;	INSTRUCTION: write_buf_to_reg
[LOG] eax=o; ebx=26; ecx=1; edx=o; eip=35; esp=100000;	INSTRUCTION: jz
[LOG] eax=o; ebx=26; ecx=1; edx=o; eip=36; esp=100000;	INSTRUCTION: out
[LOG] eax=o; ebx=26; ecx=1; edx=o; eip=30; esp=100000;	INSTRUCTION: jnz
[LOG] eax=o; ebx=26; ecx=1; edx=o; eip=31; esp=100000;	INSTRUCTION: label
[LOG] eax=o; ebx=27; ecx=1; edx=o; eip=32; esp=100000;	INSTRUCTION: inc
[LOG] eax=o; ebx=27; ecx=1; edx=,; eip=33; esp=100000;	INSTRUCTION: write_to_bufreg
[LOG] eax=,; ebx=27; ecx=1; edx=,; eip=34; esp=100000;	INSTRUCTION: write_buf_to_reg
[LOG] eax=,; ebx=27; ecx=1; edx=,; eip=35; esp=100000;	INSTRUCTION: jz
[LOG] eax=,; ebx=27; ecx=1; edx=,; eip=36; esp=100000;	INSTRUCTION: out
[LOG] eax=,; ebx=27; ecx=1; edx=,; eip=30; esp=100000;	INSTRUCTION: jnz
[LOG] eax=,; ebx=27; ecx=1; edx=,; eip=31; esp=100000;	INSTRUCTION: label
[LOG] eax=,; ebx=28; ecx=1; edx=,; eip=32; esp=100000;	INSTRUCTION: inc
[LOG] eax=,; ebx=28; ecx=1; edx= ; eip=33; esp=100000;	INSTRUCTION: write_to_bufreg
[LOG] eax= ; ebx=28; ecx=1; edx= ; eip=34; esp=100000;	INSTRUCTION: write_buf_to_reg
[LOG] eax= ; ebx=28; ecx=1; edx= ; eip=35; esp=100000;	INSTRUCTION: jz
[LOG] eax= ; ebx=28; ecx=1; edx= ; eip=36; esp=100000;	INSTRUCTION: out
[LOG] eax= ; ebx=28; ecx=1; edx= ; eip=30; esp=100000;	INSTRUCTION: jnz
[LOG] eax= ; ebx=28; ecx=1; edx= ; eip=31; esp=100000;	INSTRUCTION: label
[LOG] eax= ; ebx=29; ecx=1; edx= ; eip=32; esp=100000;	INSTRUCTION: inc
[LOG] eax= ; ebx=29; ecx=1; edx=0; eip=33; esp=100000;	INSTRUCTION: write_to_bufreg
[LOG] eax=0; ebx=29; ecx=1; edx=0; eip=34; esp=100000;	INSTRUCTION: write_buf_to_reg
[LOG] eax=0; ebx=29; ecx=1; edx=0; eip=37; esp=100000;	INSTRUCTION: jz
[LOG] eax=0; ebx=29; ecx=1; edx=0; eip=38; esp=100000;	INSTRUCTION: label
[LOG] eax=0; ebx=29; ecx=1; edx=1; eip=39; esp=100000;	INSTRUCTION: write_to_bufreg
[LOG] eax=0; ebx=29; ecx=1; edx=1; eip=40; esp=100000;	INSTRUCTION: write_buf_to_reg
[LOG] eax=0; ebx=29; ecx=1; edx=1; eip=41; esp=100000;	INSTRUCTION: label
[LOG] eax=0; ebx=29; ecx=1; edx=e; eip=42; esp=100000;	INSTRUCTION: write_to_bufreg
[LOG] eax=e; ebx=29; ecx=1; edx=e; eip=43; esp=100000;	INSTRUCTION: write_buf_to_reg
[LOG] eax=e; ebx=29; ecx=1; edx=e; eip=44; esp=100000;	INSTRUCTION: write_to_bufreg
[LOG] eax=e; ebx=e; ecx=1; edx=e; eip=45; esp=100000;	INSTRUCTION: write_buf_to_reg
[LOG] eax=e; ebx=e; ecx=1; edx=e; eip=46; esp=100000;	INSTRUCTION: alu1
[LOG] eax=e; ebx=e; ecx=1; edx=e; eip=47; esp=100000;	INSTRUCTION: alu2
[LOG] eax=e; ebx=e; ecx=1; edx=e; eip=48; esp=100000;	INSTRUCTION: sub
[LOG] eax=-101; ebx=e; ecx=1; edx=e; eip=49; esp=100000;	INSTRUCTION: write_from_alu
[LOG] eax=-101; ebx=e; ecx=1; edx=e; eip=50; esp=100000;	INSTRUCTION: jz
[LOG] eax=-101; ebx=e; ecx=1; edx=e; eip=51; esp=100000;	INSTRUCTION: write_to_bufreg
[LOG] eax=e; ebx=e; ecx=1; edx=e; eip=52; esp=100000;	INSTRUCTION: write_buf_to_reg
[LOG] eax=e; ebx=e; ecx=1; edx=e; eip=53; esp=100000;	INSTRUCTION: out
[LOG] eax=e; ebx=e; ecx=2; edx=e; eip=54; esp=100000;	INSTRUCTION: inc
[LOG] eax=e; ebx=e; ecx=2; edx=e; eip=40; esp=100000;	INSTRUCTION: jnz
[LOG] eax=e; ebx=e; ecx=2; edx=e; eip=41; esp=100000;	INSTRUCTION: label
[LOG] eax=e; ebx=e; ecx=2; edx=r; eip=42; esp=100000;	INSTRUCTION: write_to_bufreg
[LOG] eax=r; ebx=e; ecx=2; edx=r; eip=43; esp=100000;	INSTRUCTION: write_buf_to_reg
[LOG] eax=r; ebx=e; ecx=2; edx=r; eip=44; esp=100000;	INSTRUCTION: write_to_bufreg
[LOG] eax=r; ebx=r; ecx=2; edx=r; eip=45; esp=100000;	INSTRUCTION: write_buf_to_reg
[LOG] eax=r; ebx=r; ecx=2; edx=r; eip=46; esp=100000;	INSTRUCTION: alu1
[LOG] eax=r; ebx=r; ecx=2; edx=r; eip=47; esp=100000;	INSTRUCTION: alu2
[LOG] eax=r; ebx=r; ecx=2; edx=r; eip=48; esp=100000;	INSTRUCTION: sub
[LOG] eax=-114; ebx=r; ecx=2; edx=r; eip=49; esp=100000;	INSTRUCTION: write_from_alu
[LOG] eax=-114; ebx=r; ecx=2; edx=r; eip=50; esp=100000;	INSTRUCTION: jz
[LOG] eax=-114; ebx=r; ecx=2; edx=r; eip=51; esp=100000;	INSTRUCTION: write_to_bufreg
[LOG] eax=r; ebx=r; ecx=2; edx=r; eip=52; esp=100000;	INSTRUCTION: write_buf_to_reg
[LOG] eax=r; ebx=r; ecx=2; edx=r; eip=53; esp=100000;	INSTRUCTION: out
[LOG] eax=r; ebx=r; ecx=3; edx=r; eip=54; esp=100000;	INSTRUCTION: inc
[LOG] eax=r; ebx=r; ecx=3; edx=r; eip=40; esp=100000;	INSTRUCTION: jnz
[LOG] eax=r; ebx=r; ecx=3; edx=r; eip=41; esp=100000;	INSTRUCTION: label
[LOG] eax=r; ebx=r; ecx=3; edx=i; eip=42; esp=100000;	INSTRUCTION: write_to_bufreg
[LOG] eax=i; ebx=r; ecx=3; edx=i; eip=43; esp=100000;	INSTRUCTION: write_buf_to_reg
[LOG] eax=i; ebx=r; ecx=3; edx=i; eip=44; esp=100000;	INSTRUCTION: write_to_bufreg
[LOG] eax=i; ebx=i; ecx=3; edx=i; eip=45; esp=100000;	INSTRUCTION: write_buf_to_reg
[LOG] eax=i; ebx=i; ecx=3; edx=i; eip=46; esp=100000;	INSTRUCTION: alu1
[LOG] eax=i; ebx=i; ecx=3; edx=i; eip=47; esp=100000;	INSTRUCTION: alu2
[LOG] eax=i; ebx=i; ecx=3; edx=i; eip=48; esp=100000;	INSTRUCTION: sub
[LOG] eax=-105; ebx=i; ecx=3; edx=i; eip=49; esp=100000;	INSTRUCTION: write_from_alu
[LOG] eax=-105; ebx=i; ecx=3; edx=i; eip=50; esp=100000;	INSTRUCTION: jz
[LOG] eax=-105; ebx=i; ecx=3; edx=i; eip=51; esp=100000;	INSTRUCTION: write_to_bufreg
[LOG] eax=i; ebx=i; ecx=3; edx=i; eip=52; esp=100000;	INSTRUCTION: write_buf_to_reg
[LOG] eax=i; ebx=i; ecx=3; edx=i; eip=53; esp=100000;	INSTRUCTION: out
[LOG] eax=i; ebx=i; ecx=4; edx=i; eip=54; esp=100000;	INSTRUCTION: inc
[LOG] eax=i; ebx=i; ecx=4; edx=i; eip=40; esp=100000;	INSTRUCTION: jnz
[LOG] eax=i; ebx=i; ecx=4; edx=i; eip=41; esp=100000;	INSTRUCTION: label
[LOG] eax=i; ebx=i; ecx=4; edx=c; eip=42; esp=100000;	INSTRUCTION: write_to_bufreg
[LOG] eax=c; ebx=i; ecx=4; edx=c; eip=43; esp=100000;	INSTRUCTION: write_buf_to_reg
[LOG] eax=c; ebx=i; ecx=4; edx=c; eip=44; esp=100000;	INSTRUCTION: write_to_bufreg
[LOG] eax=c; ebx=c; ecx=4; edx=c; eip=45; esp=100000;	INSTRUCTION: write_buf_to_reg
[LOG] eax=c; ebx=c; ecx=4; edx=c; eip=46; esp=100000;	INSTRUCTION: alu1
[LOG] eax=c; ebx=c; ecx=4; edx=c; eip=47; esp=100000;	INSTRUCTION: alu2
[LOG] eax=c; ebx=c; ecx=4; edx=c; eip=48; esp=100000;	INSTRUCTION: sub
[LOG] eax=-99; ebx=c; ecx=4; edx=c; eip=49; esp=100000;	INSTRUCTION: write_from_alu
[LOG] eax=-99; ebx=c; ecx=4; edx=c; eip=50; esp=100000;	INSTRUCTION: jz
[LOG] eax=-99; ebx=c; ecx=4; edx=c; eip=51; esp=100000;	INSTRUCTION: write_to_bufreg
[LOG] eax=c; ebx=c; ecx=4; edx=c; eip=52; esp=100000;	INSTRUCTION: write_buf_to_reg
[LOG] eax=c; ebx=c; ecx=4; edx=c; eip=53; esp=100000;	INSTRUCTION: out
[LOG] eax=c; ebx=c; ecx=5; edx=c; eip=54; esp=100000;	INSTRUCTION: inc
[LOG] eax=c; ebx=c; ecx=5; edx=c; eip=40; esp=100000;	INSTRUCTION: jnz
[LOG] eax=c; ebx=c; ecx=5; edx=c; eip=41; esp=100000;	INSTRUCTION: label
[LOG] eax=c; ebx=c; ecx=5; edx=0; eip=42; esp=100000;	INSTRUCTION: write_to_bufreg
[LOG] eax=0; ebx=c; ecx=5; edx=0; eip=43; esp=100000;	INSTRUCTION: write_buf_to_reg
[LOG] eax=0; ebx=c; ecx=5; edx=0; eip=44; esp=100000;	INSTRUCTION: write_to_bufreg
[LOG] eax=0; ebx=0; ecx=5; edx=0; eip=45; esp=100000;	INSTRUCTION: write_buf_to_reg
[LOG] eax=0; ebx=0; ecx=5; edx=0; eip=46; esp=100000;	INSTRUCTION: alu1
[LOG] eax=0; ebx=0; ecx=5; edx=0; eip=47; esp=100000;	INSTRUCTION: alu2
[LOG] eax=0; ebx=0; ecx=5; edx=0; eip=48; esp=100000;	INSTRUCTION: sub
[LOG] eax=0; ebx=0; ecx=5; edx=0; eip=49; esp=100000;	INSTRUCTION: write_from_alu
[LOG] eax=0; ebx=0; ecx=5; edx=0; eip=55; esp=100000;	INSTRUCTION: jz
[LOG] eax=0; ebx=0; ecx=5; edx=0; eip=56; esp=100000;	INSTRUCTION: label
